<?xml version='1.0' encoding='UTF-8'?>
<!DOCTYPE coverage SYSTEM 'http://cobertura.sourceforge.net/xml/coverage-04.dtd'>
<coverage line-rate="0.9795918367346939" function-rate="1.0" branch-rate="0.78" lines-covered="192" lines-valid="196" functions-covered="27" functions-valid="27" branches-covered="78" branches-valid="100" complexity="0.0" timestamp="1674048375" version="gcovr 5.2"><sources><source>.</source></sources><packages><package name="src" line-rate="0.9652173913043478" function-rate="1.0" branch-rate="0.8833333333333333" complexity="0.0"><classes><class name="yacu_c" filename="src/yacu.c" line-rate="0.9652173913043478" branch-rate="0.8833333333333333" complexity="0.0"><methods/><lines><line number="33" hits="11" branch="false"/><line number="35" hits="11" branch="false"/><line number="38" hits="22" branch="false"/><line number="40" hits="22" branch="false"/><line number="43" hits="34" branch="false"/><line number="46" hits="34" branch="false"/><line number="47" hits="34" branch="false"/><line number="48" hits="34" branch="false"/><line number="49" hits="34" branch="false"/><line number="50" hits="34" branch="false"/><line number="52" hits="11" branch="false"/><line number="54" hits="11" branch="false"/><line number="60" hits="11" branch="false"/><line number="82" hits="1" branch="false"/><line number="84" hits="2" branch="true" condition-coverage="100% (2/2)"><conditions><condition number="0" type="jump" coverage="100%"/></conditions></line><line number="86" hits="1" branch="false"/><line number="87" hits="2" branch="true" condition-coverage="100% (2/2)"><conditions><condition number="0" type="jump" coverage="100%"/></conditions></line><line number="89" hits="1" branch="false"/><line number="92" hits="1" branch="false"/><line number="94" hits="4" branch="false"/><line number="96" hits="4" branch="true" condition-coverage="100% (4/4)"><conditions><condition number="0" type="jump" coverage="100%"/></conditions></line><line number="98" hits="1" branch="false"/><line number="100" hits="3" branch="false"/><line number="101" hits="3" branch="false"/><line number="102" hits="3" branch="true" condition-coverage="100% (2/2)"><conditions><condition number="0" type="jump" coverage="100%"/></conditions></line><line number="104" hits="1" branch="false"/><line number="106" hits="3" branch="false"/><line number="107" hits="3" branch="false"/><line number="109" hits="11" branch="false"/><line number="111" hits="11" branch="false"/><line number="112" hits="27" branch="true" condition-coverage="100% (2/2)"><conditions><condition number="0" type="jump" coverage="100%"/></conditions></line><line number="114" hits="20" branch="true" condition-coverage="100% (2/2)"><conditions><condition number="0" type="jump" coverage="100%"/></conditions></line><line number="116" hits="1" branch="false"/><line number="118" hits="19" branch="true" condition-coverage="100% (2/2)"><conditions><condition number="0" type="jump" coverage="100%"/></conditions></line><line number="120" hits="1" branch="false"/><line number="122" hits="18" branch="true" condition-coverage="100% (2/2)"><conditions><condition number="0" type="jump" coverage="100%"/></conditions></line><line number="124" hits="2" branch="false"/><line number="125" hits="1" branch="false"/><line number="127" hits="16" branch="true" condition-coverage="100% (2/2)"><conditions><condition number="0" type="jump" coverage="100%"/></conditions></line><line number="129" hits="2" branch="false"/><line number="130" hits="2" branch="false"/><line number="132" hits="14" branch="true" condition-coverage="100% (2/2)"><conditions><condition number="0" type="jump" coverage="100%"/></conditions></line><line number="134" hits="9" branch="true" condition-coverage="100% (2/2)"><conditions><condition number="0" type="jump" coverage="100%"/></conditions></line><line number="136" hits="2" branch="false"/><line number="138" hits="7" branch="false"/><line number="139" hits="7" branch="false"/><line number="141" hits="5" branch="true" condition-coverage="100% (2/2)"><conditions><condition number="0" type="jump" coverage="100%"/></conditions></line><line number="143" hits="4" branch="false"/><line number="147" hits="1" branch="false"/><line number="150" hits="7" branch="false"/><line number="153" hits="7" branch="false"/><line number="156" hits="7" branch="false"/><line number="157" hits="14" branch="true" condition-coverage="50% (1/2)"><conditions><condition number="0" type="jump" coverage="50%"/></conditions></line><line number="159" hits="0" branch="false"/><line number="161" hits="14" branch="false"/><line number="167" hits="14" branch="false"/><line number="170" hits="14" branch="false"/><line number="176" hits="7" branch="false"/><line number="180" hits="7" branch="false"/><line number="181" hits="7" branch="true" condition-coverage="50% (1/2)"><conditions><condition number="0" type="jump" coverage="50%"/></conditions></line><line number="183" hits="7" branch="false"/><line number="187" hits="0" branch="false"/><line number="194" hits="15" branch="false"/><line number="196" hits="15" branch="false"/><line number="197" hits="15" branch="false"/><line number="198" hits="15" branch="true" condition-coverage="100% (2/2)"><conditions><condition number="0" type="jump" coverage="100%"/></conditions></line><line number="200" hits="1" branch="false"/><line number="201" hits="2" branch="true" condition-coverage="100% (2/2)"><conditions><condition number="0" type="jump" coverage="100%"/></conditions></line><line number="203" hits="1" branch="false"/><line number="204" hits="1" branch="false"/><line number="208" hits="1" branch="false"/><line number="213" hits="14" branch="false"/><line number="214" hits="14" branch="false"/><line number="216" hits="15" branch="true" condition-coverage="50% (1/2)"><conditions><condition number="0" type="jump" coverage="50%"/></conditions></line><line number="217" hits="15" branch="false"/><line number="218" hits="15" branch="false"/><line number="220" hits="4" branch="false"/><line number="222" hits="4" branch="false"/><line number="223" hits="18" branch="true" condition-coverage="100% (2/2)"><conditions><condition number="0" type="jump" coverage="100%"/></conditions></line><line number="225" hits="14" branch="false"/><line number="227" hits="4" branch="false"/><line number="229" hits="1" branch="false"/><line number="231" hits="3" branch="true" condition-coverage="100% (2/2)"><conditions><condition number="0" type="jump" coverage="100%"/></conditions></line><line number="233" hits="2" branch="false"/><line number="235" hits="1" branch="false"/><line number="237" hits="5" branch="false"/><line number="239" hits="5" branch="true" condition-coverage="50% (1/2)"><conditions><condition number="0" type="jump" coverage="50%"/></conditions></line><line number="240" hits="5" branch="true" condition-coverage="100% (2/2)"><conditions><condition number="0" type="jump" coverage="100%"/></conditions></line><line number="242" hits="1" branch="false"/><line number="244" hits="4" branch="false"/><line number="245" hits="4" branch="true" condition-coverage="100% (2/2)"><conditions><condition number="0" type="jump" coverage="100%"/></conditions></line><line number="247" hits="6" branch="true" condition-coverage="100% (2/2)"><conditions><condition number="0" type="jump" coverage="100%"/></conditions></line><line number="249" hits="3" branch="true" condition-coverage="50% (1/2)"><conditions><condition number="0" type="jump" coverage="50%"/></conditions></line><line number="251" hits="3" branch="true" condition-coverage="100% (2/2)"><conditions><condition number="0" type="jump" coverage="100%"/></conditions></line><line number="253" hits="2" branch="true" condition-coverage="100% (2/2)"><conditions><condition number="0" type="jump" coverage="100%"/></conditions></line><line number="255" hits="1" branch="true" condition-coverage="50% (1/2)"><conditions><condition number="0" type="jump" coverage="50%"/></conditions></line><line number="257" hits="1" branch="false"/><line number="263" hits="2" branch="false"/><line number="270" hits="1" branch="false"/><line number="272" hits="4" branch="false"/><line number="273" hits="4" branch="false"/><line number="275" hits="7" branch="false"/><line number="277" hits="7" branch="true" condition-coverage="75% (3/4)"><conditions><condition number="0" type="jump" coverage="75%"/></conditions></line><line number="279" hits="1" branch="false"/><line number="280" hits="1" branch="false"/><line number="281" hits="1" branch="false"/><line number="282" hits="5" branch="false"/><line number="283" hits="5" branch="false"/><line number="284" hits="4" branch="false"/><line number="285" hits="1" branch="false"/><line number="286" hits="1" branch="false"/><line number="287" hits="1" branch="false"/><line number="288" hits="0" branch="false"/><line number="289" hits="0" branch="false"/><line number="291" hits="6" branch="false"/></lines></class></classes></package><package name="tests4tests" line-rate="1.0" function-rate="1.0" branch-rate="0.625" complexity="0.0"><classes><class name="tests_c" filename="tests4tests/tests.c" line-rate="1.0" branch-rate="0.625" complexity="0.0"><methods/><lines><line number="4" hits="4" branch="false"/><line number="6" hits="4" branch="false"/><line number="8" hits="4" branch="true" condition-coverage="50% (1/2)"><conditions><condition number="0" type="jump" coverage="50%"/></conditions></line><line number="9" hits="4" branch="true" condition-coverage="50% (1/2)"><conditions><condition number="0" type="jump" coverage="50%"/></conditions></line><line number="10" hits="4" branch="true" condition-coverage="50% (1/2)"><conditions><condition number="0" type="jump" coverage="50%"/></conditions></line><line number="11" hits="4" branch="true" condition-coverage="50% (1/2)"><conditions><condition number="0" type="jump" coverage="50%"/></conditions></line><line number="12" hits="4" branch="true" condition-coverage="50% (1/2)"><conditions><condition number="0" type="jump" coverage="50%"/></conditions></line><line number="13" hits="4" branch="false"/><line number="23" hits="1" branch="false"/><line number="25" hits="1" branch="false"/><line number="26" hits="1" branch="false"/><line number="27" hits="1" branch="false"/><line number="28" hits="1" branch="true" condition-coverage="50% (1/2)"><conditions><condition number="0" type="jump" coverage="50%"/></conditions></line><line number="29" hits="1" branch="false"/><line number="31" hits="1" branch="false"/><line number="33" hits="1" branch="false"/><line number="34" hits="1" branch="false"/><line number="35" hits="1" branch="false"/><line number="36" hits="1" branch="true" condition-coverage="50% (1/2)"><conditions><condition number="0" type="jump" coverage="50%"/></conditions></line><line number="37" hits="1" branch="false"/><line number="39" hits="1" branch="false"/><line number="41" hits="1" branch="false"/><line number="42" hits="1" branch="false"/><line number="43" hits="1" branch="false"/><line number="44" hits="1" branch="true" condition-coverage="50% (1/2)"><conditions><condition number="0" type="jump" coverage="50%"/></conditions></line><line number="45" hits="1" branch="false"/><line number="47" hits="1" branch="false"/><line number="49" hits="1" branch="false"/><line number="50" hits="1" branch="false"/><line number="51" hits="1" branch="false"/><line number="52" hits="1" branch="true" condition-coverage="50% (1/2)"><conditions><condition number="0" type="jump" coverage="50%"/></conditions></line><line number="53" hits="1" branch="false"/><line number="55" hits="1" branch="false"/><line number="57" hits="1" branch="false"/><line number="58" hits="2" branch="true" condition-coverage="100% (2/2)"><conditions><condition number="0" type="jump" coverage="100%"/></conditions></line><line number="60" hits="1" branch="false"/><line number="64" hits="1" branch="false"/><line number="65" hits="1" branch="true" condition-coverage="50% (1/2)"><conditions><condition number="0" type="jump" coverage="50%"/></conditions></line><line number="67" hits="1" branch="false"/><line number="69" hits="1" branch="false"/><line number="71" hits="1" branch="false"/><line number="72" hits="2" branch="true" condition-coverage="100% (2/2)"><conditions><condition number="0" type="jump" coverage="100%"/></conditions></line><line number="74" hits="1" branch="false"/><line number="75" hits="1" branch="false"/><line number="79" hits="1" branch="false"/><line number="80" hits="1" branch="true" condition-coverage="50% (1/2)"><conditions><condition number="0" type="jump" coverage="50%"/></conditions></line><line number="82" hits="1" branch="false"/><line number="84" hits="1" branch="false"/><line number="86" hits="1" branch="false"/><line number="87" hits="2" branch="true" condition-coverage="100% (2/2)"><conditions><condition number="0" type="jump" coverage="100%"/></conditions></line><line number="89" hits="1" branch="false"/><line number="90" hits="1" branch="false"/><line number="94" hits="1" branch="false"/><line number="95" hits="1" branch="true" condition-coverage="50% (1/2)"><conditions><condition number="0" type="jump" coverage="50%"/></conditions></line><line number="97" hits="1" branch="false"/><line number="99" hits="2" branch="false"/><line number="101" hits="2" branch="false"/><line number="102" hits="4" branch="true" condition-coverage="100% (2/2)"><conditions><condition number="0" type="jump" coverage="100%"/></conditions></line><line number="104" hits="2" branch="false"/><line number="105" hits="2" branch="false"/><line number="109" hits="2" branch="false"/><line number="110" hits="2" branch="true" condition-coverage="50% (1/2)"><conditions><condition number="0" type="jump" coverage="50%"/></conditions></line><line number="112" hits="2" branch="false"/><line number="114" hits="1" branch="false"/><line number="116" hits="1" branch="false"/><line number="117" hits="2" branch="true" condition-coverage="100% (2/2)"><conditions><condition number="0" type="jump" coverage="100%"/></conditions></line><line number="119" hits="1" branch="false"/><line number="120" hits="1" branch="false"/><line number="121" hits="1" branch="false"/><line number="125" hits="1" branch="false"/><line number="126" hits="1" branch="true" condition-coverage="50% (1/2)"><conditions><condition number="0" type="jump" coverage="50%"/></conditions></line><line number="128" hits="1" branch="false"/><line number="130" hits="1" branch="false"/><line number="132" hits="1" branch="false"/><line number="133" hits="1" branch="false"/><line number="134" hits="1" branch="false"/><line number="135" hits="1" branch="true" condition-coverage="50% (1/2)"><conditions><condition number="0" type="jump" coverage="50%"/></conditions></line><line number="136" hits="1" branch="false"/><line number="157" hits="1" branch="false"/><line number="159" hits="1" branch="false"/><line number="160" hits="1" branch="false"/></lines></class></classes></package></packages></coverage>